<?xml version="1.0" encoding="UTF-8"?>
<!-- Generated by org.testng.reporters.JUnitXMLReporter -->
<testsuite ignored="0" hostname="Vamshi" failures="1" tests="3" name="Test" time="1.505" errors="0" timestamp="2023-10-15T17:41:02 IST">
  <testcase classname="com.qa.testscripts.saucedemo_SeleniumJava" name="validate_title" time="0.021">
    <failure type="java.lang.AssertionError" message="Swag Labs expected [Swag Labs] but found [sauce demo login page launched]">
      <![CDATA[java.lang.AssertionError: Swag Labs expected [Swag Labs] but found [sauce demo login page launched]
at com.qa.testscripts.saucedemo_SeleniumJava.validate_title(saucedemo_SeleniumJava.java:56)
at java.base/java.util.ArrayList.forEach(ArrayList.java:1511)
... Removed 32 stack frames]]>
    </failure>
  </testcase> <!-- validate_title -->
  <testcase classname="com.qa.testscripts.saucedemo_SeleniumJava" name="loginwithvalid" time="0.99"/>
  <testcase classname="com.qa.testscripts.saucedemo_SeleniumJava" name="loginwithinvalid" time="0.424"/>
</testsuite> <!-- Test -->
